# JRE version: Java(TM) SE Runtime Environment (7.0_80-b15) (build 1.7.0_80-b15)
# Java VM: Java HotSpot(TM) Client VM (24.80-b11 mixed mode windows-x86 )
Heap
 def new generation   total 35072K, used 23663K [0x03a00000, 0x06000000, 0x08f50000)
  eden space 31232K,  75% used [0x03a00000, 0x051158f8, 0x05880000)
  from space 3840K,   0% used [0x05c40000, 0x05c464d0, 0x06000000)
  to   space 3840K,   0% used [0x05880000, 0x05880000, 0x05c40000)
 tenured generation   total 77788K, used 46671K [0x08f50000, 0x0db47000, 0x13a00000)
   the space 77788K,  59% used [0x08f50000, 0x0bce3c00, 0x0bce3c00, 0x0db47000)
 compacting perm gen  total 12288K, used 6870K [0x13a00000, 0x14600000, 0x17a00000)
   the space 12288K,  55% used [0x13a00000, 0x140b5b08, 0x140b5c00, 0x14600000)
GC Heap History (10 events):
Event: 4.345 GC heap before
{Heap before GC invocations=18 (full 4):
 def new generation   total 35072K, used 31232K [0x03a00000, 0x06000000, 0x08f50000)
  eden space 31232K, 100% used [0x03a00000, 0x05880000, 0x05880000)
  from space 3840K,   0% used [0x05880000, 0x05880000, 0x05c40000)
  to   space 3840K,   0% used [0x05c40000, 0x05c40000, 0x06000000)
 tenured generation   total 77788K, used 46671K [0x08f50000, 0x0db47000, 0x13a00000)
   the space 77788K,  59% used [0x08f50000, 0x0bce3c00, 0x0bce3c00, 0x0db47000)
 compacting perm gen  total 12288K, used 6844K [0x13a00000, 0x14600000, 0x17a00000)
   the space 12288K,  55% used [0x13a00000, 0x140af008, 0x140af200, 0x14600000)
No shared spaces configured.
Event: 4.347 GC heap after
Heap after GC invocations=19 (full 4):
 def new generation   total 35072K, used 40K [0x03a00000, 0x06000000, 0x08f50000)
  eden space 31232K,   0% used [0x03a00000, 0x03a00000, 0x05880000)
  from space 3840K,   1% used [0x05c40000, 0x05c4a2e0, 0x06000000)
  to   space 3840K,   0% used [0x05880000, 0x05880000, 0x05c40000)
 tenured generation   total 77788K, used 46671K [0x08f50000, 0x0db47000, 0x13a00000)
   the space 77788K,  59% used [0x08f50000, 0x0bce3c00, 0x0bce3c00, 0x0db47000)
 compacting perm gen  total 12288K, used 6844K [0x13a00000, 0x14600000, 0x17a00000)
   the space 12288K,  55% used [0x13a00000, 0x140af008, 0x140af200, 0x14600000)
No shared spaces configured.
}
Event: 4.570 GC heap before
{Heap before GC invocations=19 (full 4):
 def new generation   total 35072K, used 31272K [0x03a00000, 0x06000000, 0x08f50000)
  eden space 31232K, 100% used [0x03a00000, 0x05880000, 0x05880000)
  from space 3840K,   1% used [0x05c40000, 0x05c4a2e0, 0x06000000)
  to   space 3840K,   0% used [0x05880000, 0x05880000, 0x05c40000)
 tenured generation   total 77788K, used 46671K [0x08f50000, 0x0db47000, 0x13a00000)
   the space 77788K,  59% used [0x08f50000, 0x0bce3c00, 0x0bce3c00, 0x0db47000)
 compacting perm gen  total 12288K, used 6844K [0x13a00000, 0x14600000, 0x17a00000)
   the space 12288K,  55% used [0x13a00000, 0x140af008, 0x140af200, 0x14600000)
No shared spaces configured.
Event: 4.572 GC heap after
Heap after GC invocations=20 (full 4):
 def new generation   total 35072K, used 27K [0x03a00000, 0x06000000, 0x08f50000)
  eden space 31232K,   0% used [0x03a00000, 0x03a00000, 0x05880000)
  from space 3840K,   0% used [0x05880000, 0x05886ea8, 0x05c40000)
  to   space 3840K,   0% used [0x05c40000, 0x05c40000, 0x06000000)
 tenured generation   total 77788K, used 46671K [0x08f50000, 0x0db47000, 0x13a00000)
   the space 77788K,  59% used [0x08f50000, 0x0bce3c00, 0x0bce3c00, 0x0db47000)
 compacting perm gen  total 12288K, used 6844K [0x13a00000, 0x14600000, 0x17a00000)
   the space 12288K,  55% used [0x13a00000, 0x140af008, 0x140af200, 0x14600000)
No shared spaces configured.
}
Event: 4.808 GC heap before
{Heap before GC invocations=20 (full 4):
 def new generation   total 35072K, used 31259K [0x03a00000, 0x06000000, 0x08f50000)
  eden space 31232K, 100% used [0x03a00000, 0x05880000, 0x05880000)
  from space 3840K,   0% used [0x05880000, 0x05886ea8, 0x05c40000)
  to   space 3840K,   0% used [0x05c40000, 0x05c40000, 0x06000000)
 tenured generation   total 77788K, used 46671K [0x08f50000, 0x0db47000, 0x13a00000)
   the space 77788K,  59% used [0x08f50000, 0x0bce3c00, 0x0bce3c00, 0x0db47000)
 compacting perm gen  total 12288K, used 6844K [0x13a00000, 0x14600000, 0x17a00000)
   the space 12288K,  55% used [0x13a00000, 0x140af008, 0x140af200, 0x14600000)
No shared spaces configured.
Event: 4.810 GC heap after
Heap after GC invocations=21 (full 4):
 def new generation   total 35072K, used 31K [0x03a00000, 0x06000000, 0x08f50000)
  eden space 31232K,   0% used [0x03a00000, 0x03a00000, 0x05880000)
  from space 3840K,   0% used [0x05c40000, 0x05c47eb8, 0x06000000)
  to   space 3840K,   0% used [0x05880000, 0x05880000, 0x05c40000)
 tenured generation   total 77788K, used 46671K [0x08f50000, 0x0db47000, 0x13a00000)
   the space 77788K,  59% used [0x08f50000, 0x0bce3c00, 0x0bce3c00, 0x0db47000)
 compacting perm gen  total 12288K, used 6844K [0x13a00000, 0x14600000, 0x17a00000)
   the space 12288K,  55% used [0x13a00000, 0x140af008, 0x140af200, 0x14600000)
No shared spaces configured.
}
Event: 5.006 GC heap before
{Heap before GC invocations=21 (full 4):
 def new generation   total 35072K, used 31263K [0x03a00000, 0x06000000, 0x08f50000)
  eden space 31232K, 100% used [0x03a00000, 0x05880000, 0x05880000)
  from space 3840K,   0% used [0x05c40000, 0x05c47eb8, 0x06000000)
  to   space 3840K,   0% used [0x05880000, 0x05880000, 0x05c40000)
 tenured generation   total 77788K, used 46671K [0x08f50000, 0x0db47000, 0x13a00000)
   the space 77788K,  59% used [0x08f50000, 0x0bce3c00, 0x0bce3c00, 0x0db47000)
 compacting perm gen  total 12288K, used 6844K [0x13a00000, 0x14600000, 0x17a00000)
   the space 12288K,  55% used [0x13a00000, 0x140af018, 0x140af200, 0x14600000)
No shared spaces configured.
Event: 5.028 GC heap after
Heap after GC invocations=22 (full 4):
 def new generation   total 35072K, used 35K [0x03a00000, 0x06000000, 0x08f50000)
  eden space 31232K,   0% used [0x03a00000, 0x03a00000, 0x05880000)
  from space 3840K,   0% used [0x05880000, 0x05888da8, 0x05c40000)
  to   space 3840K,   0% used [0x05c40000, 0x05c40000, 0x06000000)
 tenured generation   total 77788K, used 46671K [0x08f50000, 0x0db47000, 0x13a00000)
   the space 77788K,  59% used [0x08f50000, 0x0bce3c00, 0x0bce3c00, 0x0db47000)
 compacting perm gen  total 12288K, used 6844K [0x13a00000, 0x14600000, 0x17a00000)
   the space 12288K,  55% used [0x13a00000, 0x140af018, 0x140af200, 0x14600000)
No shared spaces configured.
}
Event: 5.182 GC heap before
{Heap before GC invocations=22 (full 4):
 def new generation   total 35072K, used 31267K [0x03a00000, 0x06000000, 0x08f50000)
  eden space 31232K, 100% used [0x03a00000, 0x05880000, 0x05880000)
  from space 3840K,   0% used [0x05880000, 0x05888da8, 0x05c40000)
  to   space 3840K,   0% used [0x05c40000, 0x05c40000, 0x06000000)
 tenured generation   total 77788K, used 46671K [0x08f50000, 0x0db47000, 0x13a00000)
   the space 77788K,  59% used [0x08f50000, 0x0bce3c00, 0x0bce3c00, 0x0db47000)
 compacting perm gen  total 12288K, used 6844K [0x13a00000, 0x14600000, 0x17a00000)
   the space 12288K,  55% used [0x13a00000, 0x140af018, 0x140af200, 0x14600000)
No shared spaces configured.
Event: 5.184 GC heap after
Heap after GC invocations=23 (full 4):
 def new generation   total 35072K, used 25K [0x03a00000, 0x06000000, 0x08f50000)
  eden space 31232K,   0% used [0x03a00000, 0x03a00000, 0x05880000)
  from space 3840K,   0% used [0x05c40000, 0x05c464d0, 0x06000000)
  to   space 3840K,   0% used [0x05880000, 0x05880000, 0x05c40000)
 tenured generation   total 77788K, used 46671K [0x08f50000, 0x0db47000, 0x13a00000)
   the space 77788K,  59% used [0x08f50000, 0x0bce3c00, 0x0bce3c00, 0x0db47000)
 compacting perm gen  total 12288K, used 6844K [0x13a00000, 0x14600000, 0x17a00000)
   the space 12288K,  55% used [0x13a00000, 0x140af018, 0x140af200, 0x14600000)
No shared spaces configured.
}

